  functionUtilities.cpp
  huffman.cpp
D:\Users\Documents\GitHub\project2_ctdl\File_Compression\File_Compression\functionUtilities.cpp(144,21): warning C4267: 'initializing': conversion from 'size_t' to 'int', possible loss of data
D:\Users\Documents\GitHub\project2_ctdl\File_Compression\File_Compression\huffman.cpp(166,14): warning C4244: 'initializing': conversion from '__int64' to 'int', possible loss of data
D:\Users\Documents\GitHub\project2_ctdl\File_Compression\File_Compression\huffman.cpp(197,10): warning C4244: 'initializing': conversion from '__int64' to 'int', possible loss of data
D:\Users\Documents\GitHub\project2_ctdl\File_Compression\File_Compression\huffman.cpp(210,8): warning C4244: '=': conversion from '__int64' to 'int', possible loss of data
  LZ77.cpp
D:\Users\Documents\GitHub\project2_ctdl\File_Compression\File_Compression\huffman.cpp(303,43): warning C4804: '>': unsafe use of type 'bool' in operation
D:\Users\Documents\GitHub\project2_ctdl\File_Compression\File_Compression\LZ77.cpp(38,20): warning C4244: '=': conversion from 'std::streamsize' to 'unsigned int', possible loss of data
D:\Users\Documents\GitHub\project2_ctdl\File_Compression\File_Compression\LZ77.cpp(42,31): warning C4244: '=': conversion from 'std::streamsize' to 'unsigned int', possible loss of data
D:\Users\Documents\GitHub\project2_ctdl\File_Compression\File_Compression\LZ77.cpp(54,31): warning C4244: '=': conversion from 'std::streamsize' to 'unsigned int', possible loss of data
D:\Users\Documents\GitHub\project2_ctdl\File_Compression\File_Compression\LZ77.cpp(101,15): warning C4018: '<': signed/unsigned mismatch
D:\Users\Documents\GitHub\project2_ctdl\File_Compression\File_Compression\LZ77.cpp(209,33): warning C4244: '=': conversion from 'std::streamsize' to 'unsigned int', possible loss of data
D:\Users\Documents\GitHub\project2_ctdl\File_Compression\File_Compression\LZ77.cpp(249,39): warning C4267: 'initializing': conversion from 'size_t' to 'int', possible loss of data
  main.cpp
D:\Users\Documents\GitHub\project2_ctdl\File_Compression\File_Compression\LZ77.cpp(256,36): warning C4267: '=': conversion from 'size_t' to 'int', possible loss of data
  Generating code
  Previous IPDB not found, fall back to full compilation.
  All 484 functions were compiled because no usable IPDB/IOBJ from previous compilation was found.
  Finished generating code
  File_Compression.vcxproj -> D:\Users\Documents\GitHub\project2_ctdl\File_Compression\x64\Release\File_Compression.exe
